000 (247121.000.000) 2023-11-30 18:24:24 Job submitted from host: <128.104.100.148:9618?addrs=128.104.100.148-9618+[2607-f388-107c-501-216-3eff-feb2-bc11]-9618&alias=learn.chtc.wisc.edu&noUDP&sock=schedd_1351356_64bc>
...
040 (247121.000.000) 2023-11-30 18:24:54 Started transferring input files
	Transferring to host: <128.105.69.231:9618?addrs=128.105.69.231-9618+[2607-f388-2200-100-eaeb-d3ff-fe3f-fbfc]-9618&alias=e2614.chtc.wisc.edu&noUDP&sock=slot1_33_452051_92e8_50228>
...
040 (247121.000.000) 2023-11-30 18:24:58 Finished transferring input files
...
001 (247121.000.000) 2023-11-30 18:24:59 Job executing on host: <128.105.69.231:9618?addrs=128.105.69.231-9618+[2607-f388-2200-100-eaeb-d3ff-fe3f-fbfc]-9618&alias=e2614.chtc.wisc.edu&noUDP&sock=startd_22643_cb09>
	SlotName: slot1_33@e2614.chtc.wisc.edu
	CondorScratchDir = "/var/lib/condor/execute/slot1/dir_3268614"
	Cpus = 1
	Disk = 2917996
	IoHeavy = 0
	Memory = 1024
...
006 (247121.000.000) 2023-11-30 18:25:08 Image size of job updated: 461236
	451  -  MemoryUsage of job (MB)
	461204  -  ResidentSetSize of job (KB)
...
006 (247121.000.000) 2023-11-30 18:30:09 Image size of job updated: 461964
	451  -  MemoryUsage of job (MB)
	461456  -  ResidentSetSize of job (KB)
...
006 (247121.000.000) 2023-11-30 18:31:28 Image size of job updated: 462480
	451  -  MemoryUsage of job (MB)
	461456  -  ResidentSetSize of job (KB)
...
040 (247121.000.000) 2023-11-30 18:31:28 Started transferring output files
...
040 (247121.000.000) 2023-11-30 18:31:28 Finished transferring output files
...
005 (247121.000.000) 2023-11-30 18:31:28 Job terminated.
	(1) Normal termination (return value 0)
		Usr 0 00:06:22, Sys 0 00:00:00  -  Run Remote Usage
		Usr 0 00:00:00, Sys 0 00:00:00  -  Run Local Usage
		Usr 0 00:06:22, Sys 0 00:00:00  -  Total Remote Usage
		Usr 0 00:00:00, Sys 0 00:00:00  -  Total Local Usage
	135529  -  Run Bytes Sent By Job
	123979808  -  Run Bytes Received By Job
	135529  -  Total Bytes Sent By Job
	123979808  -  Total Bytes Received By Job
	Partitionable Resources :     Usage  Request Allocated 
	   Cpus                 :      0.99        1         1 
	   Disk (KB)            : 506328     1048576   2917996 
	   IoHeavy              :                            0 
	   Memory (MB)          :    451        1024      1024 

	Job terminated of its own accord at 2023-12-01T00:31:28Z with exit-code 0.
...
